<?xml version="1.0" encoding="UTF-8"?>
<!-- Generated by org.testng.reporters.JUnitReportReporter -->
<testsuite hostname="Patrick" failures="0" tests="1" name="com.TestRunner.TestRunner" time="12.258" errors="0" timestamp="2025-01-26T17:13:07 IST" skipped="0">
  <testcase classname="com.TestRunner.TestRunner" name="runScenario" time="12.258"/>
  <system-out/>
</testsuite> <!-- com.TestRunner.TestRunner -->
